Computing armstrong from 1 to 2147483647
1 is an Armstrong number.
2 is an Armstrong number.
3 is an Armstrong number.
4 is an Armstrong number.
5 is an Armstrong number.
6 is an Armstrong number.
7 is an Armstrong number.
8 is an Armstrong number.
9 is an Armstrong number.
153 is an Armstrong number.
370 is an Armstrong number.
371 is an Armstrong number.
407 is an Armstrong number.
1,634 is an Armstrong number.
8,208 is an Armstrong number.
9,474 is an Armstrong number.
54,748 is an Armstrong number.
92,727 is an Armstrong number.
93,084 is an Armstrong number.
548,834 is an Armstrong number.
1,741,725 is an Armstrong number.
4,210,818 is an Armstrong number.
9,800,817 is an Armstrong number.
9,926,315 is an Armstrong number.
24,678,050 is an Armstrong number.
24,678,051 is an Armstrong number.
88,593,477 is an Armstrong number.
146,511,208 is an Armstrong number.
472,335,975 is an Armstrong number.
534,494,836 is an Armstrong number.
912,985,153 is an Armstrong number.
4,679,307,774 is an Armstrong number.
32,164,049,650 is an Armstrong number.
32,164,049,651 is an Armstrong number.
40,028,394,225 is an Armstrong number.
42,678,290,603 is an Armstrong number.
44,708,635,679 is an Armstrong number.
49,388,550,606 is an Armstrong number.
82,693,916,578 is an Armstrong number.
94,204,591,914 is an Armstrong number.
